<?xml version="1.0" encoding="UTF-8"?>
<!-- Generated by org.testng.reporters.JUnitReportReporter -->
<testsuite name="com.testng.Excepted_exception" tests="1" time="0.011" ignored="0" failures="0" timestamp="22 May 2022 09:08:35 GMT" skipped="0" hostname="Candy" errors="0">
  <testcase name="demo" time="0.011" classname="com.testng.Excepted_exception"/>
</testsuite> <!-- com.testng.Excepted_exception -->
