<?xml version="1.0" encoding="UTF-8"?>
<!-- Generated by org.testng.reporters.JUnitReportReporter -->
<testsuite name="com.testng.Dependency_test" tests="4" time="0.010" ignored="0" failures="0" timestamp="23 May 2022 07:50:53 GMT" skipped="0" hostname="Candy" errors="0">
  <testcase name="startcar" time="0.008" classname="com.testng.Dependency_test"/>
  <testcase name="park" time="0.000" classname="com.testng.Dependency_test"/>
  <testcase name="drivecar" time="0.001" classname="com.testng.Dependency_test"/>
  <testcase name="stop" time="0.001" classname="com.testng.Dependency_test"/>
</testsuite> <!-- com.testng.Dependency_test -->
