<?xml version="1.0" encoding="UTF-8"?>
<!-- Generated by org.testng.reporters.JUnitReportReporter -->
<testsuite name="com.testng.Ignore_test" tests="2" time="0.021" ignored="2" failures="0" timestamp="22 May 2022 08:48:06 GMT" skipped="0" hostname="Candy" errors="0">
  <testcase name="tshirt" time="0.000" classname="com.testng.Ignore_test"/>
  <testcase name="dresses" time="0.021" classname="com.testng.Ignore_test"/>
  <testcase name="women" classname="com.testng.Ignore_test">
    <skipped/>
  </testcase> <!-- women -->
  <testcase name="men" classname="com.testng.Ignore_test">
    <skipped/>
  </testcase> <!-- men -->
</testsuite> <!-- com.testng.Ignore_test -->
