<?xml version="1.0" encoding="UTF-8"?>
<!-- Generated by org.testng.reporters.JUnitReportReporter -->
<testsuite name="com.testng.Timeout_test" tests="1" time="6.936" ignored="0" failures="0" timestamp="22 May 2022 09:04:55 GMT" skipped="0" hostname="Candy" errors="0">
  <testcase name="login" time="6.936" classname="com.testng.Timeout_test"/>
</testsuite> <!-- com.testng.Timeout_test -->
