<?xml version="1.0" encoding="UTF-8"?>
<!-- Generated by org.testng.reporters.JUnitReportReporter -->
<testsuite name="com.testng.Simple_annotations" tests="2" time="0.004" ignored="0" failures="0" timestamp="22 May 2022 08:30:07 GMT" skipped="0" hostname="Candy" errors="0">
  <testcase name="men" time="0.003" classname="com.testng.Simple_annotations"/>
  <testcase name="women" time="0.001" classname="com.testng.Simple_annotations"/>
</testsuite> <!-- com.testng.Simple_annotations -->
