<?xml version="1.0" encoding="UTF-8"?>
<!-- Generated by org.testng.reporters.JUnitReportReporter -->
<testsuite name="com.testng.Priority_test" tests="4" time="0.009" ignored="0" failures="0" timestamp="22 May 2022 08:58:34 GMT" skipped="0" hostname="Candy" errors="0">
  <testcase name="browserlaunch" time="0.007" classname="com.testng.Priority_test"/>
  <testcase name="signout" time="0.001" classname="com.testng.Priority_test"/>
  <testcase name="signin" time="0.001" classname="com.testng.Priority_test"/>
  <testcase name="geturl" time="0.000" classname="com.testng.Priority_test"/>
</testsuite> <!-- com.testng.Priority_test -->
